<?xml version="1.0" encoding="UTF-8"?>
<testng-results ignored="0" total="2" passed="2" failed="0" skipped="0">
  <reporter-output>
  </reporter-output>
  <suite started-at="2025-09-08T18:36:56 CST" name="Suite" finished-at="2025-09-08T18:37:54 CST" duration-ms="57507">
    <groups>
    </groups>
    <test started-at="2025-09-08T18:36:56 CST" name="Test" finished-at="2025-09-08T18:37:54 CST" duration-ms="57507">
      <class name="Tests.MainTest">
        <test-method is-config="true" signature="launchPage()[pri:0, instance:Tests.MainTest@17fc391b]" started-at="2025-09-08T18:36:56 CST" name="launchPage" finished-at="2025-09-08T18:37:05 CST" duration-ms="8410" status="PASS">
          <reporter-output>
          </reporter-output>
        </test-method> <!-- launchPage -->
        <test-method signature="winonaQuizHappyPath(java.util.HashMap)[pri:0, instance:Tests.MainTest@17fc391b]" started-at="2025-09-08T18:37:05 CST" name="winonaQuizHappyPath" data-provider="getData" finished-at="2025-09-08T18:37:26 CST" duration-ms="21511" status="PASS">
          <params>
            <param index="0">
              <value>
                <![CDATA[{age=35, email=dummy@email.com, noOfConditions=3}]]>
              </value>
            </param>
          </params>
          <reporter-output>
          </reporter-output>
        </test-method> <!-- winonaQuizHappyPath -->
        <test-method is-config="true" signature="tearDown()[pri:0, instance:Tests.MainTest@17fc391b]" started-at="2025-09-08T18:37:26 CST" name="tearDown" finished-at="2025-09-08T18:37:27 CST" duration-ms="265" status="PASS">
          <reporter-output>
          </reporter-output>
        </test-method> <!-- tearDown -->
        <test-method is-config="true" signature="launchPage()[pri:0, instance:Tests.MainTest@17fc391b]" started-at="2025-09-08T18:37:27 CST" name="launchPage" finished-at="2025-09-08T18:37:35 CST" duration-ms="8110" status="PASS">
          <reporter-output>
          </reporter-output>
        </test-method> <!-- launchPage -->
        <test-method signature="winonaQuizHappyPath(java.util.HashMap)[pri:0, instance:Tests.MainTest@17fc391b]" started-at="2025-09-08T18:37:35 CST" name="winonaQuizHappyPath" data-provider="getData" finished-at="2025-09-08T18:37:53 CST" duration-ms="18636" status="PASS">
          <params>
            <param index="0">
              <value>
                <![CDATA[{age=59, email=dummy2@email.com, noOfConditions=2}]]>
              </value>
            </param>
          </params>
          <reporter-output>
          </reporter-output>
        </test-method> <!-- winonaQuizHappyPath -->
        <test-method is-config="true" signature="tearDown()[pri:0, instance:Tests.MainTest@17fc391b]" started-at="2025-09-08T18:37:53 CST" name="tearDown" finished-at="2025-09-08T18:37:54 CST" duration-ms="243" status="PASS">
          <reporter-output>
          </reporter-output>
        </test-method> <!-- tearDown -->
      </class> <!-- Tests.MainTest -->
    </test> <!-- Test -->
  </suite> <!-- Suite -->
</testng-results>
