<?xml version="1.0" encoding="UTF-8"?>
<testng-results ignored="0" total="1" passed="1" failed="0" skipped="0">
  <reporter-output>
  </reporter-output>
  <suite started-at="2025-08-21T21:19:32 CST" name="Default suite" finished-at="2025-08-21T21:20:00 CST" duration-ms="27511">
    <groups>
    </groups>
    <test started-at="2025-08-21T21:19:32 CST" name="Default test" finished-at="2025-08-21T21:20:00 CST" duration-ms="27511">
      <class name="Tests.MainTest">
        <test-method is-config="true" signature="launchPage()[pri:0, instance:Tests.MainTest@1530c739]" started-at="2025-08-21T21:19:32 CST" name="launchPage" finished-at="2025-08-21T21:19:42 CST" duration-ms="9947" status="PASS">
          <reporter-output>
          </reporter-output>
        </test-method> <!-- launchPage -->
        <test-method signature="winonaQuizHappyPath()[pri:0, instance:Tests.MainTest@1530c739]" started-at="2025-08-21T21:19:42 CST" name="winonaQuizHappyPath" finished-at="2025-08-21T21:20:00 CST" duration-ms="17320" status="PASS">
          <reporter-output>
          </reporter-output>
        </test-method> <!-- winonaQuizHappyPath -->
        <test-method is-config="true" signature="tearDown()[pri:0, instance:Tests.MainTest@1530c739]" started-at="2025-08-21T21:20:00 CST" name="tearDown" finished-at="2025-08-21T21:20:00 CST" duration-ms="188" status="PASS">
          <reporter-output>
          </reporter-output>
        </test-method> <!-- tearDown -->
      </class> <!-- Tests.MainTest -->
    </test> <!-- Default test -->
  </suite> <!-- Default suite -->
</testng-results>
